  Building Custom Rule C:/Users/10/Desktop/GameMakeFiles/assimp-4.1.0/code/CMakeLists.txt
  CMake does not need to re-run because C:/Users/10/Desktop/GameMakeFiles/MyFirst3DGame/Dependencies/assimp/code/CMakeFiles/generate.stamp is up-to-date.
  Assimp.cpp
  BaseImporter.cpp
  BaseProcess.cpp
  PostStepRegistry.cpp
  ImporterRegistry.cpp
  DefaultIOStream.cpp
  DefaultIOSystem.cpp
  CInterfaceIOWrapper.cpp
  Importer.cpp
  SGSpatialSort.cpp
  VertexTriangleAdjacency.cpp
  SpatialSort.cpp
  SceneCombiner.cpp
  ScenePreprocessor.cpp
  SkeletonMeshBuilder.cpp
  SplitByBoneCountProcess.cpp
  ScaleProcess.cpp
  StandardShapes.cpp
  TargetAnimation.cpp
  RemoveComments.cpp
  Subdivision.cpp
  scene.cpp
  Bitmap.cpp
  Version.cpp
  CreateAnimMesh.cpp
  DefaultLogger.cpp
  Exporter.cpp
c:\program files (x86)\microsoft visual studio\2017\community\vc\tools\msvc\14.16.27023\include\windows.h(18): warning C4068: неизвестная директива pragma (компилируется исходный файл C:\Users\10\Desktop\GameMakeFiles\assimp-4.1.0\code\DefaultLogger.cpp)
  AssimpCExport.cpp
  CalcTangentsProcess.cpp
  ComputeUVMappingProcess.cpp
c:\program files (x86)\microsoft visual studio\2017\community\vc\tools\msvc\14.16.27023\include\windows.h(304): warning C4068: неизвестная директива pragma (компилируется исходный файл C:\Users\10\Desktop\GameMakeFiles\assimp-4.1.0\code\DefaultLogger.cpp)
  ConvertToLHProcess.cpp
  FindDegenerates.cpp
  FindInstancesProcess.cpp
  FindInvalidDataProcess.cpp
  FixNormalsStep.cpp
  GenFaceNormalsProcess.cpp
  GenVertexNormalsProcess.cpp
  PretransformVertices.cpp
  ImproveCacheLocality.cpp
  JoinVerticesProcess.cpp
  LimitBoneWeightsProcess.cpp
  RemoveRedundantMaterials.cpp
  RemoveVCProcess.cpp
  SortByPTypeProcess.cpp
  SplitLargeMeshes.cpp
  TextureTransform.cpp
  TriangulateProcess.cpp
  ValidateDataStructure.cpp
  OptimizeGraph.cpp
  OptimizeMeshes.cpp
  DeboneProcess.cpp
  ProcessHelper.cpp
  MakeVerboseFormat.cpp
  MaterialSystem.cpp
  StepExporter.cpp
  AMFImporter.cpp
  AMFImporter_Geometry.cpp
  AMFImporter_Material.cpp
  AMFImporter_Postprocess.cpp
  3DSConverter.cpp
  3DSLoader.cpp
  3DSExporter.cpp
  ACLoader.cpp
  ASELoader.cpp
  ASEParser.cpp
  AssbinExporter.cpp
  AssbinLoader.cpp
  AssxmlExporter.cpp
  B3DImporter.cpp
  BVHLoader.cpp
  ColladaLoader.cpp
  ColladaParser.cpp
  ColladaExporter.cpp
  DXFLoader.cpp
  CSMLoader.cpp
  HMPLoader.cpp
  IRRMeshLoader.cpp
  IRRShared.cpp
  IRRLoader.cpp
  LWOAnimation.cpp
  LWOBLoader.cpp
  LWOLoader.cpp
  LWOMaterial.cpp
  LWSLoader.cpp
  MD2Loader.cpp
  MD3Loader.cpp
  MD5Loader.cpp
  MD5Parser.cpp
  MDCLoader.cpp
  MDLLoader.cpp
  MDLMaterialLoader.cpp
  NFFLoader.cpp
  NDOLoader.cpp
  OFFLoader.cpp
  ObjFileImporter.cpp
  ObjFileMtlImporter.cpp
  ObjFileParser.cpp
  ObjExporter.cpp
  OgreImporter.cpp
  OgreStructs.cpp
  OgreBinarySerializer.cpp
  OgreXmlSerializer.cpp
  OgreMaterial.cpp
  OpenGEXExporter.cpp
  OpenGEXImporter.cpp
  PlyLoader.cpp
  PlyParser.cpp
  PlyExporter.cpp
  MS3DLoader.cpp
  COBLoader.cpp
  BlenderLoader.cpp
  BlenderDNA.cpp
  BlenderScene.cpp
  BlenderModifier.cpp
  BlenderBMesh.cpp
  BlenderTessellator.cpp
  IFCLoader.cpp
  IFCUtil.cpp
  IFCGeometry.cpp
  IFCMaterial.cpp
  IFCProfile.cpp
  IFCCurve.cpp
  IFCBoolean.cpp
  IFCOpenings.cpp
  STEPFileReader.cpp
  STEPFileEncoding.cpp
  XGLLoader.cpp
  FBXImporter.cpp
  FBXParser.cpp
  FBXTokenizer.cpp
  FBXConverter.cpp
  FBXUtil.cpp
  FBXDocument.cpp
  FBXProperties.cpp
  FBXMeshGeometry.cpp
  FBXMaterial.cpp
  FBXModel.cpp
  FBXAnimation.cpp
  FBXNodeAttribute.cpp
  FBXDeformer.cpp
  FBXBinaryTokenizer.cpp
  FBXDocumentUtil.cpp
  Q3DLoader.cpp
  Q3BSPFileParser.cpp
  Q3BSPFileImporter.cpp
  Q3BSPZipArchive.cpp
  RawLoader.cpp
  SIBImporter.cpp
  SMDLoader.cpp
  STLLoader.cpp
  STLExporter.cpp
  TerragenLoader.cpp
  UnrealLoader.cpp
  XFileImporter.cpp
  XFileParser.cpp
  XFileExporter.cpp
  X3DExporter.cpp
  X3DImporter.cpp
  X3DImporter_Geometry2D.cpp
  X3DImporter_Geometry3D.cpp
  X3DImporter_Group.cpp
  X3DImporter_Light.cpp
  X3DImporter_Metadata.cpp
  X3DImporter_Networking.cpp
  X3DImporter_Postprocess.cpp
  X3DImporter_Rendering.cpp
  X3DImporter_Shape.cpp
  X3DImporter_Texturing.cpp
  FIReader.cpp
  X3DVocabulary.cpp
  glTFImporter.cpp
  glTFExporter.cpp
  glTF2Importer.cpp
c:\program files (x86)\microsoft visual studio\2017\community\vc\tools\msvc\14.16.27023\include\windows.h(18): warning C4068: неизвестная директива pragma (компилируется исходный файл C:\Users\10\Desktop\GameMakeFiles\assimp-4.1.0\code\glTFImporter.cpp)
c:\program files (x86)\microsoft visual studio\2017\community\vc\tools\msvc\14.16.27023\include\windows.h(18): warning C4068: неизвестная директива pragma (компилируется исходный файл C:\Users\10\Desktop\GameMakeFiles\assimp-4.1.0\code\glTFExporter.cpp)
c:\program files (x86)\microsoft visual studio\2017\community\vc\tools\msvc\14.16.27023\include\windows.h(304): warning C4068: неизвестная директива pragma (компилируется исходный файл C:\Users\10\Desktop\GameMakeFiles\assimp-4.1.0\code\glTFImporter.cpp)
c:\program files (x86)\microsoft visual studio\2017\community\vc\tools\msvc\14.16.27023\include\windows.h(304): warning C4068: неизвестная директива pragma (компилируется исходный файл C:\Users\10\Desktop\GameMakeFiles\assimp-4.1.0\code\glTFExporter.cpp)
  glTF2Exporter.cpp
  D3MFImporter.cpp
  D3MFExporter.cpp
  D3MFOpcPackage.cpp
  MMDImporter.cpp
  MMDPmxParser.cpp
  shapes.cc
  advancing_front.cc
  cdt.cc
  sweep.cc
  sweep_context.cc
  clipper.cpp
  OpenDDLParser.cpp
  DDLNode.cpp
  OpenDDLCommon.cpp
c:\program files (x86)\microsoft visual studio\2017\community\vc\tools\msvc\14.16.27023\include\windows.h(18): warning C4068: неизвестная директива pragma (компилируется исходный файл C:\Users\10\Desktop\GameMakeFiles\assimp-4.1.0\contrib\openddlparser\code\OpenDDLParser.cpp)
c:\program files (x86)\microsoft visual studio\2017\community\vc\tools\msvc\14.16.27023\include\windows.h(304): warning C4068: неизвестная директива pragma (компилируется исходный файл C:\Users\10\Desktop\GameMakeFiles\assimp-4.1.0\contrib\openddlparser\code\OpenDDLParser.cpp)
  OpenDDLExport.cpp
  Value.cpp
  OpenDDLStream.cpp
  o3dgcArithmeticCodec.cpp
  o3dgcDynamicVectorDecoder.cpp
  o3dgcDynamicVectorEncoder.cpp
  o3dgcTools.cpp
  o3dgcTriangleFans.cpp
  IFCReaderGen1.cpp
  IFCReaderGen2.cpp
  ioapi.c
  unzip.c
  zip.c
c:\users\10\desktop\gamemakefiles\assimp-4.1.0\contrib\zip\src\miniz.h(4430): warning C4700: использована неинициализированная локальная переменная "level"
     Создается библиотека C:/Users/10/Desktop/GameMakeFiles/MyFirst3DGame/Dependencies/assimp/code/Release/assimp-vc140-mt.lib и объект C:/Users/10/Desktop/GameMakeFiles/MyFirst3DGame/Dependencies/assimp/code/Release/assimp-vc140-mt.exp
  assimp.vcxproj -> C:\Users\10\Desktop\GameMakeFiles\MyFirst3DGame\Dependencies\assimp\code\Release\assimp-vc140-mt.dll
